                              1 ;;; gcc for m6809 : Mar 17 2019 13:25:32
                              2 ;;; 4.3.6 (gcc6809)
                              3 ;;; ABI version 1
                              4 ;;; -mabi=bx -mint8 -fomit-frame-pointer -O0
                              5 	.module	game.c
                              6 	.globl	_counter
                              7 	.area	.data
   0000                       8 _counter:
   0000 00                    9 	.byte	0
                             10 	.globl	_counterw
   0001                      11 _counterw:
   0001 03                   12 	.byte	3
                             13 	.globl	_current_game
   0002                      14 _current_game:
   0002 00 00 00 00 00 00    15 	.word	0,0,0,0
        00 00
   000A 00                   16 	.byte	0
                             17 	.area	.text
                             18 	.globl	_game_init
   0000                      19 _game_init:
   0000 C6 01         [ 2]   20 	ldb	#1
   0002 F7`00`00      [ 5]   21 	stb	_Vec_Joy_Mux_1_X
   0005 C6 03         [ 2]   22 	ldb	#3
   0007 F7`00`00      [ 5]   23 	stb	_Vec_Joy_Mux_1_Y
   000A 7F`00`00      [ 7]   24 	clr	_Vec_Joy_Mux_2_X
   000D 7F`00`00      [ 7]   25 	clr	_Vec_Joy_Mux_2_Y
   0010 C6 03         [ 2]   26 	ldb	#3
   0012 F7`00`04      [ 5]   27 	stb	_current_game+2
   0015 C6 01         [ 2]   28 	ldb	#1
   0017 F7`00`06      [ 5]   29 	stb	_current_game+4
   001A 7F`00`08      [ 7]   30 	clr	_current_game+6
   001D 7F`00`09      [ 7]   31 	clr	_current_game+7
   0020 F6`00`02      [ 5]   32 	ldb	_current_game
   0023 C1 02         [ 2]   33 	cmpb	#2	;cmpqi:
   0025 26 0C         [ 3]   34 	bne	L2
   0027 C6 03         [ 2]   35 	ldb	#3
   0029 F7`00`05      [ 5]   36 	stb	_current_game+3
   002C C6 01         [ 2]   37 	ldb	#1
   002E F7`00`07      [ 5]   38 	stb	_current_game+5
   0031 20 06         [ 3]   39 	bra	L3
   0033                      40 L2:
   0033 7F`00`05      [ 7]   41 	clr	_current_game+3
   0036 7F`00`07      [ 7]   42 	clr	_current_game+5
   0039                      43 L3:
   0039 7F`00`0A      [ 7]   44 	clr	_current_game+8
   003C 39            [ 5]   45 	rts
                             46 	.globl	_game_play
   003D                      47 _game_play:
   003D BD`00`00      [ 8]   48 	jsr	_level_init
   0040 BD`00`00      [ 8]   49 	jsr	_level_play
   0043 39            [ 5]   50 	rts
   0044                      51 LC0:
   0044 47 41 4D 45 20 4F    52 	.byte	71,65,77,69,32,79,86,69
        56 45
   004C 52 80 00             53 	.byte	82,-128,0
   004F                      54 LC1:
   004F 50 4C 41 59 45 52    55 	.byte	80,76,65,89,69,82,-128,0
        80 00
                             56 	.globl	_game_over
   0057                      57 _game_over:
   0057 34 20         [ 6]   58 	pshs	y
   0059 32 72         [ 5]   59 	leas	-14,s
   005B 30 E4         [ 4]   60 	leax	,s
   005D BD`00`00      [ 8]   61 	jsr	___Clear_Score
   0060 F6`00`0A      [ 5]   62 	ldb	_current_game+8
   0063 4F            [ 2]   63 	clra		;zero_extendqihi: R:b -> R:d
   0064 1F 01         [ 6]   64 	tfr	d,x
   0066 E6 89`00`08   [ 8]   65 	ldb	_current_game+6,x
   006A E7 68         [ 5]   66 	stb	8,s
   006C 30 E4         [ 4]   67 	leax	,s
   006E E6 68         [ 5]   68 	ldb	8,s
   0070 BD`00`00      [ 8]   69 	jsr	__Add_Score_a
   0073 31 E4         [ 4]   70 	leay	,s
   0075 8E`00`00      [ 3]   71 	ldx	#_Vec_High_Score
   0078 34 10         [ 6]   72 	pshs	x
   007A 30 A4         [ 4]   73 	leax	,y
   007C BD`00`00      [ 8]   74 	jsr	__New_High_Score
   007F 32 62         [ 5]   75 	leas	2,s
   0081 C6 96         [ 2]   76 	ldb	#-106
   0083 E7 67         [ 5]   77 	stb	7,s
   0085                      78 L9:
   0085 BD`00`00      [ 8]   79 	jsr	___DP_to_C8
   0088 BE`00`00      [ 6]   80 	ldx	_current_explosion
   008B AF 69         [ 6]   81 	stx	9,s
   008D AE 69         [ 6]   82 	ldx	9,s
   008F BD`00`00      [ 8]   83 	jsr	__Explosion_Snd
   0092 BE`00`00      [ 6]   84 	ldx	_current_music
   0095 AF 6B         [ 6]   85 	stx	11,s
   0097 AE 6B         [ 6]   86 	ldx	11,s
   0099 BD`00`00      [ 8]   87 	jsr	__Init_Music_chk
   009C BD`00`00      [ 8]   88 	jsr	___Wait_Recal
   009F BD`00`00      [ 8]   89 	jsr	__Do_Sound
   00A2 BD`00`00      [ 8]   90 	jsr	___Intensity_5F
   00A5 C6 C0         [ 2]   91 	ldb	#-64
   00A7 E7 E2         [ 6]   92 	stb	,-s
   00A9 8E`00`44      [ 3]   93 	ldx	#LC0
   00AC 5F            [ 2]   94 	clrb
   00AD BD`00`00      [ 8]   95 	jsr	_print_string
   00B0 32 61         [ 5]   96 	leas	1,s
   00B2 C6 9C         [ 2]   97 	ldb	#-100
   00B4 E7 E2         [ 6]   98 	stb	,-s
   00B6 8E`00`4F      [ 3]   99 	ldx	#LC1
   00B9 C6 14         [ 2]  100 	ldb	#20
   00BB BD`00`00      [ 8]  101 	jsr	_print_string
   00BE 32 61         [ 5]  102 	leas	1,s
   00C0 F6`00`0A      [ 5]  103 	ldb	_current_game+8
   00C3 5C            [ 2]  104 	incb
   00C4 34 04         [ 6]  105 	pshs	b
   00C6 C6 28         [ 2]  106 	ldb	#40
   00C8 E7 E2         [ 6]  107 	stb	,-s
   00CA C6 14         [ 2]  108 	ldb	#20
   00CC BD`00`00      [ 8]  109 	jsr	_print_unsigned_int
   00CF 32 62         [ 5]  110 	leas	2,s
   00D1 F6`00`0A      [ 5]  111 	ldb	_current_game+8
   00D4 4F            [ 2]  112 	clra		;zero_extendqihi: R:b -> R:d
   00D5 1F 01         [ 6]  113 	tfr	d,x
   00D7 E6 89`00`04   [ 8]  114 	ldb	_current_game+2,x
   00DB E7 6D         [ 5]  115 	stb	13,s
   00DD C6 69         [ 2]  116 	ldb	#105
   00DF E7 E2         [ 6]  117 	stb	,-s
   00E1 8E C0 E2      [ 3]  118 	ldx	#-16158
   00E4 E6 6E         [ 5]  119 	ldb	14,s
   00E6 BD`00`00      [ 8]  120 	jsr	__Print_Ships
   00E9 32 61         [ 5]  121 	leas	1,s
   00EB BD`00`00      [ 8]  122 	jsr	___Read_Btns
   00EE 6A 67         [ 7]  123 	dec	7,s
   00F0 6D 67         [ 7]  124 	tst	7,s
   00F2 27 0A         [ 3]  125 	beq	L10
   00F4 F6`00`00      [ 5]  126 	ldb	_Vec_Buttons
   00F7 C4 08         [ 2]  127 	andb	#8
   00F9 5D            [ 2]  128 	tstb
   00FA 10 27 FF 87   [ 6]  129 	lbeq	L9
   00FE                     130 L10:
   00FE 32 6E         [ 5]  131 	leas	14,s
   0100 35 A0         [ 7]  132 	puls	y,pc
                            133 	.globl	_game
   0102                     134 _game:
   0102 32 7F         [ 5]  135 	leas	-1,s
   0104 C6 01         [ 2]  136 	ldb	#1
   0106 E7 E2         [ 6]  137 	stb	,-s
   0108 C6 03         [ 2]  138 	ldb	#3
   010A BD`00`00      [ 8]  139 	jsr	__Select_Game
   010D 32 61         [ 5]  140 	leas	1,s
   010F F6`00`00      [ 5]  141 	ldb	_Vec_Num_Players
   0112 F7`00`02      [ 5]  142 	stb	_current_game
   0115 F6`00`00      [ 5]  143 	ldb	_Vec_Num_Game
   0118 F7`00`03      [ 5]  144 	stb	_current_game+1
   011B F6`00`00      [ 5]  145 	ldb	_Vec_Btn_State
   011E C4 08         [ 2]  146 	andb	#8
   0120 5D            [ 2]  147 	tstb
   0121 27 0D         [ 3]  148 	beq	L12
   0123 BD`00`00      [ 8]  149 	jsr	_game_init
   0126 BD`00`00      [ 8]  150 	jsr	_level_init
   0129 BD`00`00      [ 8]  151 	jsr	_level_play
   012C 6F E4         [ 6]  152 	clr	,s
   012E 20 04         [ 3]  153 	bra	L13
   0130                     154 L12:
   0130 C6 FF         [ 2]  155 	ldb	#-1
   0132 E7 E4         [ 4]  156 	stb	,s
   0134                     157 L13:
   0134 E6 E4         [ 4]  158 	ldb	,s
   0136 32 61         [ 5]  159 	leas	1,s
   0138 39            [ 5]  160 	rts
ASxxxx Assembler V05.50  (Motorola 6809)                                Page 1
Hexadecimal [16-Bits]                                 Sun May  4 00:01:53 2025

Symbol Table

    .__.$$$.       =   2710 L   |     .__.ABS.       =   0000 G
    .__.CPU.       =   0000 L   |     .__.H$L.       =   0001 L
  3 L10                00FE R   |   3 L12                0130 R
  3 L13                0134 R   |   3 L2                 0033 R
  3 L3                 0039 R   |   3 L9                 0085 R
  3 LC0                0044 R   |   3 LC1                004F R
    _Vec_Btn_State     **** GX  |     _Vec_Buttons       **** GX
    _Vec_High_Scor     **** GX  |     _Vec_Joy_Mux_1     **** GX
    _Vec_Joy_Mux_1     **** GX  |     _Vec_Joy_Mux_2     **** GX
    _Vec_Joy_Mux_2     **** GX  |     _Vec_Num_Game      **** GX
    _Vec_Num_Playe     **** GX  |     __Add_Score_a      **** GX
    __Do_Sound         **** GX  |     __Explosion_Sn     **** GX
    __Init_Music_c     **** GX  |     __New_High_Sco     **** GX
    __Print_Ships      **** GX  |     __Select_Game      **** GX
    ___Clear_Score     **** GX  |     ___DP_to_C8        **** GX
    ___Intensity_5     **** GX  |     ___Read_Btns       **** GX
    ___Wait_Recal      **** GX  |   2 _counter           0000 GR
  2 _counterw          0001 GR  |     _current_explo     **** GX
  2 _current_game      0002 GR  |     _current_music     **** GX
  3 _game              0102 GR  |   3 _game_init         0000 GR
  3 _game_over         0057 GR  |   3 _game_play         003D GR
    _level_init        **** GX  |     _level_play        **** GX
    _print_string      **** GX  |     _print_unsigne     **** GX

ASxxxx Assembler V05.50  (Motorola 6809)                                Page 2
Hexadecimal [16-Bits]                                 Sun May  4 00:01:53 2025

Area Table

[_CSEG]
   0 _CODE            size    0   flags C080
   2 .data            size    B   flags  100
   3 .text            size  139   flags  100
[_DSEG]
   1 _DATA            size    0   flags C0C0

