                              1 ;;; gcc for m6809 : Mar 17 2019 13:25:32
                              2 ;;; 4.3.6 (gcc6809)
                              3 ;;; ABI version 1
                              4 ;;; -mabi=bx -mint8 -fomit-frame-pointer -O0
                              5 	.module	level.c
                              6 	.globl	_current_level
                              7 	.area	.data
   0000                       8 _current_level:
   0000 01                    9 	.byte	1
                             10 	.area	.text
                             11 	.globl	_level_init
   0000                      12 _level_init:
   0000 7F`00`00      [ 7]   13 	clr	_current_level
   0003 39            [ 5]   14 	rts
                             15 	.globl	_counter
                             16 	.area	.data
   0001                      17 _counter:
   0001 00                   18 	.byte	0
                             19 	.area	.text
   0004                      20 LC0:
   0004 54 49 4D 45 20 4C    21 	.byte	84,73,77,69,32,76,69,70
        45 46
   000C 54 80 00             22 	.byte	84,-128,0
                             23 	.globl	_Display_TimeLeft
   000F                      24 _Display_TimeLeft:
   000F C6 C4         [ 2]   25 	ldb	#-60
   0011 E7 E2         [ 6]   26 	stb	,-s
   0013 8E`00`04      [ 3]   27 	ldx	#LC0
   0016 C6 64         [ 2]   28 	ldb	#100
   0018 BD`00`00      [ 8]   29 	jsr	_print_string
   001B 32 61         [ 5]   30 	leas	1,s
   001D F6`00`01      [ 5]   31 	ldb	_counter
   0020 BD`00`00      [ 8]   32 	jsr	_Loadingbar
   0023 F6`00`01      [ 5]   33 	ldb	_counter
   0026 CB FC         [ 2]   34 	addb	#-4
   0028 F7`00`01      [ 5]   35 	stb	_counter
   002B F6`00`01      [ 5]   36 	ldb	_counter
   002E 5D            [ 2]   37 	tstb
   002F 26 05         [ 3]   38 	bne	L5
   0031 C6 C8         [ 2]   39 	ldb	#-56
   0033 F7`00`01      [ 5]   40 	stb	_counter
   0036                      41 L5:
   0036 39            [ 5]   42 	rts
                             43 	.globl	_nibby_vl_style_0
   0037                      44 _nibby_vl_style_0:
   0037 82                   45 	.byte	-126
   0038 C3                   46 	.byte	-61
   0039 60                   47 	.byte	96
   003A 82                   48 	.byte	-126
   003B 02                   49 	.byte	2
   003C A0                   50 	.byte	-96
   003D 82                   51 	.byte	-126
   003E 22                   52 	.byte	34
   003F 0A                   53 	.byte	10
   0040 A2                   54 	.byte	-94
   0041 20                   55 	.byte	32
   0042 06                   56 	.byte	6
                             57 	.globl	_Generate_Gamefield
   0043                      58 _Generate_Gamefield:
   0043 BD`00`00      [ 8]   59 	jsr	___Reset0Ref
   0046 C6 0A         [ 2]   60 	ldb	#10
   0048 E7 E2         [ 6]   61 	stb	,-s
   004A C6 E2         [ 2]   62 	ldb	#-30
   004C BD`00`00      [ 8]   63 	jsr	__Moveto_d
   004F 32 61         [ 5]   64 	leas	1,s
   0051 8E FF A1      [ 3]   65 	ldx	#-95
   0054 E6 84         [ 4]   66 	ldb	,x
   0056 C1 20         [ 2]   67 	cmpb	#32	;cmpqi:
   0058 26 13         [ 3]   68 	bne	L7
   005A C6 FF         [ 2]   69 	ldb	#-1
   005C D7`00         [ 4]   70 	stb	*_dp_VIA_t1_cnt_lo
   005E 8E`00`37      [ 3]   71 	ldx	#_nibby_vl_style_0
   0061 34 10         [ 6]   72 	pshs	x
   0063 8E 00 00      [ 3]   73 	ldx	#0
   0066 BD`00`00      [ 8]   74 	jsr	__Draw_Grid_VL
   0069 32 62         [ 5]   75 	leas	2,s
   006B 20 11         [ 3]   76 	bra	L9
   006D                      77 L7:
   006D C6 FF         [ 2]   78 	ldb	#-1
   006F D7`00         [ 4]   79 	stb	*_dp_VIA_t1_cnt_lo
   0071 8E`00`37      [ 3]   80 	ldx	#_nibby_vl_style_0
   0074 34 10         [ 6]   81 	pshs	x
   0076 8E 00 00      [ 3]   82 	ldx	#0
   0079 BD`00`00      [ 8]   83 	jsr	__Draw_Grid_VL
   007C 32 62         [ 5]   84 	leas	2,s
   007E                      85 L9:
   007E 39            [ 5]   86 	rts
                             87 	.area	.bss
   0000                      88 _joy_x:	.blkb	1
   0001                      89 _joy_y:	.blkb	1
                             90 	.area	.text
                             91 	.globl	_move_cursor
   007F                      92 _move_cursor:
   007F BD`00`00      [ 8]   93 	jsr	___Joy_Digital
   0082 F6`00`00      [ 5]   94 	ldb	_Vec_Joy_1_X
   0085 34 04         [ 6]   95 	pshs	b
   0087 C6 A6         [ 2]   96 	ldb	#-90
   0089 E7 E2         [ 6]   97 	stb	,-s
   008B C6 A6         [ 2]   98 	ldb	#-90
   008D BD`00`00      [ 8]   99 	jsr	_print_signed_int
   0090 32 62         [ 5]  100 	leas	2,s
   0092 F6`00`00      [ 5]  101 	ldb	_Vec_Joy_1_Y
   0095 34 04         [ 6]  102 	pshs	b
   0097 C6 CE         [ 2]  103 	ldb	#-50
   0099 E7 E2         [ 6]  104 	stb	,-s
   009B C6 A6         [ 2]  105 	ldb	#-90
   009D BD`00`00      [ 8]  106 	jsr	_print_signed_int
   00A0 32 62         [ 5]  107 	leas	2,s
   00A2 F6`00`00      [ 5]  108 	ldb	_joy_x
   00A5 34 04         [ 6]  109 	pshs	b
   00A7 C6 A6         [ 2]  110 	ldb	#-90
   00A9 E7 E2         [ 6]  111 	stb	,-s
   00AB C6 BA         [ 2]  112 	ldb	#-70
   00AD BD`00`00      [ 8]  113 	jsr	_print_signed_int
   00B0 32 62         [ 5]  114 	leas	2,s
   00B2 F6`00`01      [ 5]  115 	ldb	_joy_y
   00B5 34 04         [ 6]  116 	pshs	b
   00B7 C6 CE         [ 2]  117 	ldb	#-50
   00B9 E7 E2         [ 6]  118 	stb	,-s
   00BB C6 BA         [ 2]  119 	ldb	#-70
   00BD BD`00`00      [ 8]  120 	jsr	_print_signed_int
   00C0 32 62         [ 5]  121 	leas	2,s
   00C2 F6`00`00      [ 5]  122 	ldb	_Vec_Joy_1_X
   00C5 F7`00`00      [ 5]  123 	stb	_joy_x
   00C8 F6`00`00      [ 5]  124 	ldb	_Vec_Joy_1_Y
   00CB F7`00`01      [ 5]  125 	stb	_joy_y
   00CE F6`00`00      [ 5]  126 	ldb	_joy_x
   00D1 5D            [ 2]  127 	tstb
   00D2 2C 0B         [ 3]  128 	bge	L11
   00D4 F6`00`01      [ 5]  129 	ldb	_joy_y
   00D7 5D            [ 2]  130 	tstb
   00D8 2F 05         [ 3]  131 	ble	L11
   00DA C6 01         [ 2]  132 	ldb	#1
   00DC BD`00`00      [ 8]  133 	jsr	_draw_cross
   00DF                     134 L11:
   00DF F6`00`00      [ 5]  135 	ldb	_joy_x
   00E2 5D            [ 2]  136 	tstb
   00E3 26 0B         [ 3]  137 	bne	L12
   00E5 F6`00`01      [ 5]  138 	ldb	_joy_y
   00E8 5D            [ 2]  139 	tstb
   00E9 2F 05         [ 3]  140 	ble	L12
   00EB C6 02         [ 2]  141 	ldb	#2
   00ED BD`00`00      [ 8]  142 	jsr	_draw_cross
   00F0                     143 L12:
   00F0 F6`00`00      [ 5]  144 	ldb	_Vec_Joy_1_X
   00F3 5D            [ 2]  145 	tstb
   00F4 2F 0B         [ 3]  146 	ble	L13
   00F6 F6`00`00      [ 5]  147 	ldb	_Vec_Joy_1_Y
   00F9 5D            [ 2]  148 	tstb
   00FA 2F 05         [ 3]  149 	ble	L13
   00FC C6 03         [ 2]  150 	ldb	#3
   00FE BD`00`00      [ 8]  151 	jsr	_draw_cross
   0101                     152 L13:
   0101 F6`00`00      [ 5]  153 	ldb	_joy_x
   0104 5D            [ 2]  154 	tstb
   0105 2C 0B         [ 3]  155 	bge	L14
   0107 F6`00`01      [ 5]  156 	ldb	_joy_y
   010A 5D            [ 2]  157 	tstb
   010B 26 05         [ 3]  158 	bne	L14
   010D C6 04         [ 2]  159 	ldb	#4
   010F BD`00`00      [ 8]  160 	jsr	_draw_cross
   0112                     161 L14:
   0112 F6`00`00      [ 5]  162 	ldb	_joy_x
   0115 5D            [ 2]  163 	tstb
   0116 26 0B         [ 3]  164 	bne	L15
   0118 F6`00`01      [ 5]  165 	ldb	_joy_y
   011B 5D            [ 2]  166 	tstb
   011C 26 05         [ 3]  167 	bne	L15
   011E C6 05         [ 2]  168 	ldb	#5
   0120 BD`00`00      [ 8]  169 	jsr	_draw_cross
   0123                     170 L15:
   0123 F6`00`00      [ 5]  171 	ldb	_joy_x
   0126 5D            [ 2]  172 	tstb
   0127 2F 0B         [ 3]  173 	ble	L16
   0129 F6`00`01      [ 5]  174 	ldb	_joy_y
   012C 5D            [ 2]  175 	tstb
   012D 26 05         [ 3]  176 	bne	L16
   012F C6 06         [ 2]  177 	ldb	#6
   0131 BD`00`00      [ 8]  178 	jsr	_draw_cross
   0134                     179 L16:
   0134 F6`00`00      [ 5]  180 	ldb	_joy_x
   0137 5D            [ 2]  181 	tstb
   0138 2C 0B         [ 3]  182 	bge	L17
   013A F6`00`01      [ 5]  183 	ldb	_joy_y
   013D 5D            [ 2]  184 	tstb
   013E 2C 05         [ 3]  185 	bge	L17
   0140 C6 07         [ 2]  186 	ldb	#7
   0142 BD`00`00      [ 8]  187 	jsr	_draw_cross
   0145                     188 L17:
   0145 F6`00`00      [ 5]  189 	ldb	_joy_x
   0148 5D            [ 2]  190 	tstb
   0149 26 0B         [ 3]  191 	bne	L18
   014B F6`00`01      [ 5]  192 	ldb	_joy_y
   014E 5D            [ 2]  193 	tstb
   014F 2C 05         [ 3]  194 	bge	L18
   0151 C6 08         [ 2]  195 	ldb	#8
   0153 BD`00`00      [ 8]  196 	jsr	_draw_cross
   0156                     197 L18:
   0156 F6`00`00      [ 5]  198 	ldb	_joy_x
   0159 5D            [ 2]  199 	tstb
   015A 2F 0B         [ 3]  200 	ble	L20
   015C F6`00`01      [ 5]  201 	ldb	_joy_y
   015F 5D            [ 2]  202 	tstb
   0160 2C 05         [ 3]  203 	bge	L20
   0162 C6 09         [ 2]  204 	ldb	#9
   0164 BD`00`00      [ 8]  205 	jsr	_draw_cross
   0167                     206 L20:
   0167 39            [ 5]  207 	rts
                            208 	.globl	_level_play
   0168                     209 _level_play:
   0168 32 7C         [ 5]  210 	leas	-4,s
   016A 20 29         [ 3]  211 	bra	L22
   016C                     212 L23:
   016C BD`00`00      [ 8]  213 	jsr	___DP_to_C8
   016F BE`00`00      [ 6]  214 	ldx	_current_explosion
   0172 AF E4         [ 5]  215 	stx	,s
   0174 AE E4         [ 5]  216 	ldx	,s
   0176 BD`00`00      [ 8]  217 	jsr	__Explosion_Snd
   0179 BE`00`00      [ 6]  218 	ldx	_current_music
   017C AF 62         [ 6]  219 	stx	2,s
   017E AE 62         [ 6]  220 	ldx	2,s
   0180 BD`00`00      [ 8]  221 	jsr	__Init_Music_chk
   0183 BD`00`00      [ 8]  222 	jsr	___Wait_Recal
   0186 BD`00`00      [ 8]  223 	jsr	__Do_Sound
   0189 BD`00`00      [ 8]  224 	jsr	___Intensity_5F
   018C BD`00`0F      [ 8]  225 	jsr	_Display_TimeLeft
   018F BD`00`43      [ 8]  226 	jsr	_Generate_Gamefield
   0192 BD`00`7F      [ 8]  227 	jsr	_move_cursor
   0195                     228 L22:
   0195 F6`00`00      [ 5]  229 	ldb	_current_level
   0198 5D            [ 2]  230 	tstb
   0199 27 D1         [ 3]  231 	beq	L23
   019B 32 64         [ 5]  232 	leas	4,s
   019D 39            [ 5]  233 	rts
ASxxxx Assembler V05.50  (Motorola 6809)                                Page 1
Hexadecimal [16-Bits]                                 Tue Apr 29 00:53:09 2025

Symbol Table

    .__.$$$.       =   2710 L   |     .__.ABS.       =   0000 G
    .__.CPU.       =   0000 L   |     .__.H$L.       =   0001 L
  3 L11                00DF R   |   3 L12                00F0 R
  3 L13                0101 R   |   3 L14                0112 R
  3 L15                0123 R   |   3 L16                0134 R
  3 L17                0145 R   |   3 L18                0156 R
  3 L20                0167 R   |   3 L22                0195 R
  3 L23                016C R   |   3 L5                 0036 R
  3 L7                 006D R   |   3 L9                 007E R
  3 LC0                0004 R   |   3 _Display_TimeL     000F GR
  3 _Generate_Game     0043 GR  |     _Loadingbar        **** GX
    _Vec_Joy_1_X       **** GX  |     _Vec_Joy_1_Y       **** GX
    __Do_Sound         **** GX  |     __Draw_Grid_VL     **** GX
    __Explosion_Sn     **** GX  |     __Init_Music_c     **** GX
    __Moveto_d         **** GX  |     ___DP_to_C8        **** GX
    ___Intensity_5     **** GX  |     ___Joy_Digital     **** GX
    ___Reset0Ref       **** GX  |     ___Wait_Recal      **** GX
  2 _counter           0001 GR  |     _current_explo     **** GX
  2 _current_level     0000 GR  |     _current_music     **** GX
    _dp_VIA_t1_cnt     **** GX  |     _draw_cross        **** GX
  4 _joy_x             0000 R   |   4 _joy_y             0001 R
  3 _level_init        0000 GR  |   3 _level_play        0168 GR
  3 _move_cursor       007F GR  |   3 _nibby_vl_styl     0037 GR
    _print_signed_     **** GX  |     _print_string      **** GX

ASxxxx Assembler V05.50  (Motorola 6809)                                Page 2
Hexadecimal [16-Bits]                                 Tue Apr 29 00:53:09 2025

Area Table

[_CSEG]
   0 _CODE            size    0   flags C080
   2 .data            size    2   flags  100
   3 .text            size  19E   flags  100
   4 .bss             size    2   flags    0
[_DSEG]
   1 _DATA            size    0   flags C0C0

