                              1 ;;; gcc for m6809 : Mar 17 2019 13:25:32
                              2 ;;; 4.3.6 (gcc6809)
                              3 ;;; ABI version 1
                              4 ;;; -mabi=bx -mint8 -fomit-frame-pointer -O0
                              5 	.module	objects.c
                              6 	.area	.text
                              7 	.globl	_init_object
   0000                       8 _init_object:
   0000 32 7E         [ 5]    9 	leas	-2,s
   0002 AF E4         [ 5]   10 	stx	,s
   0004 6F F4         [ 9]   11 	clr	[,s]
   0006 BD`00`00      [ 8]   12 	jsr	__Random
   0009 C4 7F         [ 2]   13 	andb	#127
   000B CB 40         [ 2]   14 	addb	#64
   000D AE E4         [ 5]   15 	ldx	,s
   000F E7 01         [ 5]   16 	stb	1,x
   0011 BD`00`00      [ 8]   17 	jsr	__Random
   0014 C4 7F         [ 2]   18 	andb	#127
   0016 CB 40         [ 2]   19 	addb	#64
   0018 AE E4         [ 5]   20 	ldx	,s
   001A E7 02         [ 5]   21 	stb	2,x
   001C BD`00`00      [ 8]   22 	jsr	__Random
   001F C4 03         [ 2]   23 	andb	#3
   0021 CB FE         [ 2]   24 	addb	#-2
   0023 AE E4         [ 5]   25 	ldx	,s
   0025 E7 03         [ 5]   26 	stb	3,x
   0027 BD`00`00      [ 8]   27 	jsr	__Random
   002A C4 03         [ 2]   28 	andb	#3
   002C 5A            [ 2]   29 	decb
   002D AE E4         [ 5]   30 	ldx	,s
   002F E7 04         [ 5]   31 	stb	4,x
   0031 32 62         [ 5]   32 	leas	2,s
   0033 39            [ 5]   33 	rts
                             34 	.globl	_Positions_Cursor
                             35 	.area	.data
   0000                      36 _Positions_Cursor:
   0000 00                   37 	.byte	0
   0001 00                   38 	.byte	0
   0002 20                   39 	.byte	32
   0003 E0                   40 	.byte	-32
   0004 20                   41 	.byte	32
   0005 00                   42 	.byte	0
   0006 20                   43 	.byte	32
   0007 20                   44 	.byte	32
   0008 00                   45 	.byte	0
   0009 E0                   46 	.byte	-32
   000A 00                   47 	.byte	0
   000B 00                   48 	.byte	0
   000C 00                   49 	.byte	0
   000D 20                   50 	.byte	32
   000E E0                   51 	.byte	-32
   000F E0                   52 	.byte	-32
   0010 E0                   53 	.byte	-32
   0011 00                   54 	.byte	0
   0012 E0                   55 	.byte	-32
   0013 20                   56 	.byte	32
                             57 	.globl	_cross
                             58 	.area	.text
   0034                      59 _cross:
   0034 00                   60 	.byte	0
   0035 20                   61 	.byte	32
   0036 20                   62 	.byte	32
   0037 FF                   63 	.byte	-1
   0038 E0                   64 	.byte	-32
   0039 E0                   65 	.byte	-32
   003A 00                   66 	.byte	0
   003B 20                   67 	.byte	32
   003C 00                   68 	.byte	0
   003D FF                   69 	.byte	-1
   003E E0                   70 	.byte	-32
   003F 20                   71 	.byte	32
   0040 01                   72 	.byte	1
   0041 00                   73 	.byte	0
   0042 00                   74 	.byte	0
                             75 	.globl	_cross_y
                             76 	.area	.data
   0014                      77 _cross_y:
   0014 46                   78 	.byte	70
                             79 	.globl	_cross_x
   0015                      80 _cross_x:
   0015 C4                   81 	.byte	-60
                             82 	.area	.text
                             83 	.globl	_Loadingbar
   0043                      84 _Loadingbar:
   0043 32 79         [ 5]   85 	leas	-7,s
   0045 E7 63         [ 5]   86 	stb	3,s
   0047 6F 64         [ 7]   87 	clr	4,s
   0049 20 40         [ 3]   88 	bra	L4
   004B                      89 L5:
   004B BD`00`00      [ 8]   90 	jsr	___Reset0Ref
   004E C6 7F         [ 2]   91 	ldb	#127
   0050 D7`00         [ 4]   92 	stb	*_dp_VIA_t1_cnt_lo
   0052 F6`00`15      [ 5]   93 	ldb	_cross_x
   0055 E7 61         [ 5]   94 	stb	1,s
   0057 E6 64         [ 5]   95 	ldb	4,s
   0059 E7 E4         [ 4]   96 	stb	,s
   005B E6 E4         [ 4]   97 	ldb	,s
   005D 58            [ 2]   98 	aslb
   005E 58            [ 2]   99 	aslb
   005F E7 E4         [ 4]  100 	stb	,s
   0061 E6 E4         [ 4]  101 	ldb	,s
   0063 50            [ 2]  102 	negb
   0064 E7 62         [ 5]  103 	stb	2,s
   0066 F6`00`14      [ 5]  104 	ldb	_cross_y
   0069 EB 62         [ 5]  105 	addb	2,s
   006B E7 66         [ 5]  106 	stb	6,s
   006D E6 61         [ 5]  107 	ldb	1,s
   006F E7 65         [ 5]  108 	stb	5,s
   0071 E6 66         [ 5]  109 	ldb	6,s
   0073 E7 E2         [ 6]  110 	stb	,-s
   0075 E6 66         [ 5]  111 	ldb	6,s
   0077 BD`00`00      [ 8]  112 	jsr	__Moveto_d
   007A 32 61         [ 5]  113 	leas	1,s
   007C E6 63         [ 5]  114 	ldb	3,s
   007E D7`00         [ 4]  115 	stb	*_dp_VIA_t1_cnt_lo
   0080 6F E2         [ 8]  116 	clr	,-s
   0082 C6 64         [ 2]  117 	ldb	#100
   0084 BD`00`00      [ 8]  118 	jsr	__Draw_Line_d
   0087 32 61         [ 5]  119 	leas	1,s
   0089 6C 64         [ 7]  120 	inc	4,s
   008B                     121 L4:
   008B E6 64         [ 5]  122 	ldb	4,s
   008D C1 02         [ 2]  123 	cmpb	#2	;cmpqi:
   008F 2F BA         [ 3]  124 	ble	L5
   0091 C6 FF         [ 2]  125 	ldb	#-1
   0093 D7`00         [ 4]  126 	stb	*_dp_VIA_t1_cnt_lo
   0095 32 67         [ 5]  127 	leas	7,s
   0097 39            [ 5]  128 	rts
                            129 	.globl	_draw_cross
   0098                     130 _draw_cross:
   0098 34 40         [ 6]  131 	pshs	u
   009A 32 7C         [ 5]  132 	leas	-4,s
   009C E7 61         [ 5]  133 	stb	1,s
   009E BD`00`00      [ 8]  134 	jsr	___Reset0Ref
   00A1 C6 7F         [ 2]  135 	ldb	#127
   00A3 D7`00         [ 4]  136 	stb	*_dp_VIA_t1_cnt_lo
   00A5 E6 61         [ 5]  137 	ldb	1,s
   00A7 1D            [ 2]  138 	sex		;extendqihi2: R:b -> R:d
   00A8 58            [ 2]  139 	aslb
   00A9 49            [ 2]  140 	rola
   00AA CE`00`01      [ 3]  141 	ldu	#_Positions_Cursor+1
   00AD 30 CB         [ 8]  142 	leax	d,u
   00AF E6 84         [ 4]  143 	ldb	,x
   00B1 E7 E4         [ 4]  144 	stb	,s
   00B3 E6 61         [ 5]  145 	ldb	1,s
   00B5 1D            [ 2]  146 	sex		;extendqihi2: R:b -> R:d
   00B6 58            [ 2]  147 	aslb
   00B7 49            [ 2]  148 	rola
   00B8 CE`00`00      [ 3]  149 	ldu	#_Positions_Cursor
   00BB 30 CB         [ 8]  150 	leax	d,u
   00BD E6 84         [ 4]  151 	ldb	,x
   00BF E7 63         [ 5]  152 	stb	3,s
   00C1 E6 E4         [ 4]  153 	ldb	,s
   00C3 E7 62         [ 5]  154 	stb	2,s
   00C5 E6 63         [ 5]  155 	ldb	3,s
   00C7 E7 E2         [ 6]  156 	stb	,-s
   00C9 E6 63         [ 5]  157 	ldb	3,s
   00CB BD`00`00      [ 8]  158 	jsr	__Moveto_d
   00CE 32 61         [ 5]  159 	leas	1,s
   00D0 C6 22         [ 2]  160 	ldb	#34
   00D2 D7`00         [ 4]  161 	stb	*_dp_VIA_t1_cnt_lo
   00D4 8E`00`34      [ 3]  162 	ldx	#_cross
   00D7 BD`00`00      [ 8]  163 	jsr	___Draw_VLp
   00DA 32 64         [ 5]  164 	leas	4,s
   00DC 35 C0         [ 7]  165 	puls	u,pc
ASxxxx Assembler V05.50  (Motorola 6809)                                Page 1
Hexadecimal [16-Bits]                                 Tue Apr 29 00:53:09 2025

Symbol Table

    .__.$$$.       =   2710 L   |     .__.ABS.       =   0000 G
    .__.CPU.       =   0000 L   |     .__.H$L.       =   0001 L
  2 L4                 008B R   |   2 L5                 004B R
  2 _Loadingbar        0043 GR  |   3 _Positions_Cur     0000 GR
    __Draw_Line_d      **** GX  |     __Moveto_d         **** GX
    __Random           **** GX  |     ___Draw_VLp        **** GX
    ___Reset0Ref       **** GX  |   2 _cross             0034 GR
  3 _cross_x           0015 GR  |   3 _cross_y           0014 GR
    _dp_VIA_t1_cnt     **** GX  |   2 _draw_cross        0098 GR
  2 _init_object       0000 GR

ASxxxx Assembler V05.50  (Motorola 6809)                                Page 2
Hexadecimal [16-Bits]                                 Tue Apr 29 00:53:09 2025

Area Table

[_CSEG]
   0 _CODE            size    0   flags C080
   2 .text            size   DE   flags  100
   3 .data            size   16   flags  100
[_DSEG]
   1 _DATA            size    0   flags C0C0

