                              1 ;;; gcc for m6809 : Mar 17 2019 13:25:32
                              2 ;;; 4.3.6 (gcc6809)
                              3 ;;; ABI version 1
                              4 ;;; -mabi=bx -mint8 -fomit-frame-pointer -O3
                              5 	.module	print_unsigned_int.c
                              6 	.area	.text
                              7 	.globl	_print_unsigned_int
   0000                       8 _print_unsigned_int:
   0000 32 7B         [ 5]    9 	leas	-5,s
   0002 E7 E4         [ 4]   10 	stb	,s
   0004 C6 80         [ 2]   11 	ldb	#-128
   0006 E7 64         [ 5]   12 	stb	4,s
   0008 C6 30         [ 2]   13 	ldb	#48
   000A E7 62         [ 5]   14 	stb	2,s
   000C E7 61         [ 5]   15 	stb	1,s
   000E E6 68         [ 5]   16 	ldb	8,s
   0010 C1 63         [ 2]   17 	cmpb	#99	;cmpqi:
   0012 23 1C         [ 3]   18 	bls	L11
   0014                      19 L8:
   0014 6C 61         [ 7]   20 	inc	1,s
   0016 E6 61         [ 5]   21 	ldb	1,s
   0018 E6 68         [ 5]   22 	ldb	8,s
   001A CB 9C         [ 2]   23 	addb	#-100
   001C E7 68         [ 5]   24 	stb	8,s
   001E C1 63         [ 2]   25 	cmpb	#99	;cmpqi:
   0020 22 F2         [ 3]   26 	bhi	L8
   0022 C1 09         [ 2]   27 	cmpb	#9	;cmpqi:
   0024 23 0E         [ 3]   28 	bls	L13
   0026                      29 L7:
   0026 6C 62         [ 7]   30 	inc	2,s
   0028 E6 62         [ 5]   31 	ldb	2,s
   002A E6 68         [ 5]   32 	ldb	8,s
   002C CB F6         [ 2]   33 	addb	#-10
   002E E7 68         [ 5]   34 	stb	8,s
   0030                      35 L11:
   0030 C1 09         [ 2]   36 	cmpb	#9	;cmpqi:
   0032 22 F2         [ 3]   37 	bhi	L7
   0034                      38 L13:
   0034 CB 30         [ 2]   39 	addb	#48
   0036 E7 63         [ 5]   40 	stb	3,s
   0038 C6 CC         [ 2]   41 	ldb	#-52
   003A D7`00         [ 4]   42 	stb	*_dp_VIA_cntl
   003C C6 7F         [ 2]   43 	ldb	#127
   003E D7`00         [ 4]   44 	stb	*_dp_VIA_t1_cnt_lo
   0040 E6 E4         [ 4]   45 	ldb	,s
   0042 34 04         [ 6]   46 	pshs	b
   0044 30 62         [ 5]   47 	leax	2,s
   0046 E6 68         [ 5]   48 	ldb	8,s
   0048 BD`00`00      [ 8]   49 	jsr	__Print_Str_d
   004B 32 66         [ 5]   50 	leas	6,s
   004D 39            [ 5]   51 	rts
ASxxxx Assembler V05.50  (Motorola 6809)                                Page 1
Hexadecimal [16-Bits]                                 Sat Jul 26 01:09:30 2025

Symbol Table

    .__.$$$.       =   2710 L   |     .__.ABS.       =   0000 G
    .__.CPU.       =   0000 L   |     .__.H$L.       =   0001 L
  2 L11                0030 R   |   2 L13                0034 R
  2 L7                 0026 R   |   2 L8                 0014 R
    __Print_Str_d      **** GX  |     _dp_VIA_cntl       **** GX
    _dp_VIA_t1_cnt     **** GX  |   2 _print_unsigne     0000 GR

ASxxxx Assembler V05.50  (Motorola 6809)                                Page 2
Hexadecimal [16-Bits]                                 Sat Jul 26 01:09:30 2025

Area Table

[_CSEG]
   0 _CODE            size    0   flags C080
   2 .text            size   4E   flags  100
[_DSEG]
   1 _DATA            size    0   flags C0C0

