                              1 ;;; gcc for m6809 : Mar 17 2019 13:25:32
                              2 ;;; 4.3.6 (gcc6809)
                              3 ;;; ABI version 1
                              4 ;;; -mabi=bx -mint8 -fomit-frame-pointer -O3
                              5 	.module	print_long_binary.c
                              6 	.area	.text
                              7 	.globl	_print_long_binary
   0000                       8 _print_long_binary:
   0000 32 E8 D0      [ 5]    9 	leas	-48,s
   0003 E7 62         [ 5]   10 	stb	2,s
   0005 AF E4         [ 5]   11 	stx	,s
   0007 C6 80         [ 2]   12 	ldb	#-128
   0009 E7 E8 2F      [ 5]   13 	stb	47,s
   000C 1F 10         [ 6]   14 	tfr	x,d	;movlsbqihi: R:x -> R:b
   000E C4 01         [ 2]   15 	andb	#1
   0010 CB 30         [ 2]   16 	addb	#48
   0012 E7 E8 2E      [ 5]   17 	stb	46,s
   0015 1F 10         [ 6]   18 	tfr	x,d
   0017 44            [ 2]   19 	lsra
   0018 56            [ 2]   20 	rorb
   0019 ED 63         [ 6]   21 	std	3,s
                             22 		;movlsbqihi: D->B
   001B C4 01         [ 2]   23 	andb	#1
   001D CB 30         [ 2]   24 	addb	#48
   001F E7 E8 2D      [ 5]   25 	stb	45,s
   0022 EC 63         [ 6]   26 	ldd	3,s
   0024 44            [ 2]   27 	lsra
   0025 56            [ 2]   28 	rorb
   0026 ED 65         [ 6]   29 	std	5,s
                             30 		;movlsbqihi: D->B
   0028 C4 01         [ 2]   31 	andb	#1
   002A CB 30         [ 2]   32 	addb	#48
   002C E7 E8 2C      [ 5]   33 	stb	44,s
   002F EC 65         [ 6]   34 	ldd	5,s
   0031 44            [ 2]   35 	lsra
   0032 56            [ 2]   36 	rorb
   0033 ED 67         [ 6]   37 	std	7,s
                             38 		;movlsbqihi: D->B
   0035 C4 01         [ 2]   39 	andb	#1
   0037 CB 30         [ 2]   40 	addb	#48
   0039 E7 E8 2B      [ 5]   41 	stb	43,s
   003C EC 67         [ 6]   42 	ldd	7,s
   003E 44            [ 2]   43 	lsra
   003F 56            [ 2]   44 	rorb
   0040 ED 69         [ 6]   45 	std	9,s
                             46 		;movlsbqihi: D->B
   0042 C4 01         [ 2]   47 	andb	#1
   0044 CB 30         [ 2]   48 	addb	#48
   0046 E7 E8 2A      [ 5]   49 	stb	42,s
   0049 EC 69         [ 6]   50 	ldd	9,s
   004B 44            [ 2]   51 	lsra
   004C 56            [ 2]   52 	rorb
   004D ED 6B         [ 6]   53 	std	11,s
                             54 		;movlsbqihi: D->B
   004F C4 01         [ 2]   55 	andb	#1
   0051 CB 30         [ 2]   56 	addb	#48
   0053 E7 E8 29      [ 5]   57 	stb	41,s
   0056 EC 6B         [ 6]   58 	ldd	11,s
   0058 44            [ 2]   59 	lsra
   0059 56            [ 2]   60 	rorb
   005A ED 6D         [ 6]   61 	std	13,s
                             62 		;movlsbqihi: D->B
   005C C4 01         [ 2]   63 	andb	#1
   005E CB 30         [ 2]   64 	addb	#48
   0060 E7 E8 28      [ 5]   65 	stb	40,s
   0063 EC 6D         [ 6]   66 	ldd	13,s
   0065 44            [ 2]   67 	lsra
   0066 56            [ 2]   68 	rorb
   0067 ED 6F         [ 6]   69 	std	15,s
                             70 		;movlsbqihi: D->B
   0069 C4 01         [ 2]   71 	andb	#1
   006B CB 30         [ 2]   72 	addb	#48
   006D E7 E8 27      [ 5]   73 	stb	39,s
   0070 EC 6F         [ 6]   74 	ldd	15,s
   0072 44            [ 2]   75 	lsra
   0073 56            [ 2]   76 	rorb
   0074 ED E8 11      [ 6]   77 	std	17,s
                             78 		;movlsbqihi: D->B
   0077 C4 01         [ 2]   79 	andb	#1
   0079 CB 30         [ 2]   80 	addb	#48
   007B E7 E8 26      [ 5]   81 	stb	38,s
   007E EC E8 11      [ 6]   82 	ldd	17,s
   0081 44            [ 2]   83 	lsra
   0082 56            [ 2]   84 	rorb
   0083 ED E8 13      [ 6]   85 	std	19,s
                             86 		;movlsbqihi: D->B
   0086 C4 01         [ 2]   87 	andb	#1
   0088 CB 30         [ 2]   88 	addb	#48
   008A E7 E8 25      [ 5]   89 	stb	37,s
   008D EC E8 13      [ 6]   90 	ldd	19,s
   0090 44            [ 2]   91 	lsra
   0091 56            [ 2]   92 	rorb
   0092 ED E8 15      [ 6]   93 	std	21,s
                             94 		;movlsbqihi: D->B
   0095 C4 01         [ 2]   95 	andb	#1
   0097 CB 30         [ 2]   96 	addb	#48
   0099 E7 E8 24      [ 5]   97 	stb	36,s
   009C EC E8 15      [ 6]   98 	ldd	21,s
   009F 44            [ 2]   99 	lsra
   00A0 56            [ 2]  100 	rorb
   00A1 ED E8 17      [ 6]  101 	std	23,s
                            102 		;movlsbqihi: D->B
   00A4 C4 01         [ 2]  103 	andb	#1
   00A6 CB 30         [ 2]  104 	addb	#48
   00A8 E7 E8 23      [ 5]  105 	stb	35,s
   00AB EC E8 17      [ 6]  106 	ldd	23,s
   00AE 44            [ 2]  107 	lsra
   00AF 56            [ 2]  108 	rorb
   00B0 ED E8 19      [ 6]  109 	std	25,s
                            110 		;movlsbqihi: D->B
   00B3 C4 01         [ 2]  111 	andb	#1
   00B5 CB 30         [ 2]  112 	addb	#48
   00B7 E7 E8 22      [ 5]  113 	stb	34,s
   00BA EC E8 19      [ 6]  114 	ldd	25,s
   00BD 44            [ 2]  115 	lsra
   00BE 56            [ 2]  116 	rorb
   00BF ED E8 1B      [ 6]  117 	std	27,s
                            118 		;movlsbqihi: D->B
   00C2 C4 01         [ 2]  119 	andb	#1
   00C4 CB 30         [ 2]  120 	addb	#48
   00C6 E7 E8 21      [ 5]  121 	stb	33,s
   00C9 EC E8 1B      [ 6]  122 	ldd	27,s
   00CC 44            [ 2]  123 	lsra
   00CD 56            [ 2]  124 	rorb
   00CE ED E8 1D      [ 6]  125 	std	29,s
                            126 		;movlsbqihi: D->B
   00D1 C4 01         [ 2]  127 	andb	#1
   00D3 CB 30         [ 2]  128 	addb	#48
   00D5 E7 E8 20      [ 5]  129 	stb	32,s
   00D8 EC E8 1D      [ 6]  130 	ldd	29,s
   00DB 44            [ 2]  131 	lsra
   00DC 56            [ 2]  132 	rorb
   00DD CB 30         [ 2]  133 	addb	#48
   00DF E7 E8 1F      [ 5]  134 	stb	31,s
   00E2 C6 CC         [ 2]  135 	ldb	#-52
   00E4 D7`00         [ 4]  136 	stb	*_dp_VIA_cntl
   00E6 C6 7F         [ 2]  137 	ldb	#127
   00E8 D7`00         [ 4]  138 	stb	*_dp_VIA_t1_cnt_lo
   00EA E6 62         [ 5]  139 	ldb	2,s
   00EC 34 04         [ 6]  140 	pshs	b
   00EE 30 E8 20      [ 5]  141 	leax	32,s
   00F1 E6 E8 33      [ 5]  142 	ldb	51,s
   00F4 BD`00`00      [ 8]  143 	jsr	__Print_Str_d
   00F7 32 E8 31      [ 5]  144 	leas	49,s
   00FA 39            [ 5]  145 	rts
ASxxxx Assembler V05.50  (Motorola 6809)                                Page 1
Hexadecimal [16-Bits]                                 Wed Jul 30 20:58:56 2025

Symbol Table

    .__.$$$.       =   2710 L   |     .__.ABS.       =   0000 G
    .__.CPU.       =   0000 L   |     .__.H$L.       =   0001 L
    __Print_Str_d      **** GX  |     _dp_VIA_cntl       **** GX
    _dp_VIA_t1_cnt     **** GX  |   2 _print_long_bi     0000 GR

ASxxxx Assembler V05.50  (Motorola 6809)                                Page 2
Hexadecimal [16-Bits]                                 Wed Jul 30 20:58:56 2025

Area Table

[_CSEG]
   0 _CODE            size    0   flags C080
   2 .text            size   FB   flags  100
[_DSEG]
   1 _DATA            size    0   flags C0C0

