                              1 ;;; gcc for m6809 : Mar 17 2019 13:25:32
                              2 ;;; 4.3.6 (gcc6809)
                              3 ;;; ABI version 1
                              4 ;;; -mabi=bx -mint8 -fomit-frame-pointer -O2
                              5 	.module	print_unsigned_int2.c
                              6 	.area	.text
                              7 	.globl	_print_unsigned_int2
   0000                       8 _print_unsigned_int2:
   0000 32 7C         [ 5]    9 	leas	-4,s
   0002 E7 E4         [ 4]   10 	stb	,s
   0004 C6 80         [ 2]   11 	ldb	#-128
   0006 E7 63         [ 5]   12 	stb	3,s
   0008 C6 30         [ 2]   13 	ldb	#48
   000A E7 62         [ 5]   14 	stb	2,s
   000C E7 61         [ 5]   15 	stb	1,s
   000E E6 67         [ 5]   16 	ldb	7,s
   0010 C1 09         [ 2]   17 	cmpb	#9	;cmpqi:
   0012 23 0E         [ 3]   18 	bls	L2
   0014                      19 L5:
   0014 6C 61         [ 7]   20 	inc	1,s
   0016 E6 61         [ 5]   21 	ldb	1,s
   0018 E6 67         [ 5]   22 	ldb	7,s
   001A CB F6         [ 2]   23 	addb	#-10
   001C E7 67         [ 5]   24 	stb	7,s
   001E C1 09         [ 2]   25 	cmpb	#9	;cmpqi:
   0020 22 F2         [ 3]   26 	bhi	L5
   0022                      27 L2:
   0022 E6 67         [ 5]   28 	ldb	7,s
   0024 CB 30         [ 2]   29 	addb	#48
   0026 E7 62         [ 5]   30 	stb	2,s
   0028 C6 CC         [ 2]   31 	ldb	#-52
   002A D7`00         [ 4]   32 	stb	*_dp_VIA_cntl
   002C C6 7F         [ 2]   33 	ldb	#127
   002E D7`00         [ 4]   34 	stb	*_dp_VIA_t1_cnt_lo
   0030 E6 E4         [ 4]   35 	ldb	,s
   0032 34 04         [ 6]   36 	pshs	b
   0034 30 62         [ 5]   37 	leax	2,s
   0036 E6 67         [ 5]   38 	ldb	7,s
   0038 BD`00`00      [ 8]   39 	jsr	__Print_Str_d
   003B 32 65         [ 5]   40 	leas	5,s
   003D 39            [ 5]   41 	rts
ASxxxx Assembler V05.50  (Motorola 6809)                                Page 1
Hexadecimal [16-Bits]                                 Thu Jul 17 00:50:14 2025

Symbol Table

    .__.$$$.       =   2710 L   |     .__.ABS.       =   0000 G
    .__.CPU.       =   0000 L   |     .__.H$L.       =   0001 L
  2 L2                 0022 R   |   2 L5                 0014 R
    __Print_Str_d      **** GX  |     _dp_VIA_cntl       **** GX
    _dp_VIA_t1_cnt     **** GX  |   2 _print_unsigne     0000 GR

ASxxxx Assembler V05.50  (Motorola 6809)                                Page 2
Hexadecimal [16-Bits]                                 Thu Jul 17 00:50:14 2025

Area Table

[_CSEG]
   0 _CODE            size    0   flags C080
   2 .text            size   3E   flags  100
[_DSEG]
   1 _DATA            size    0   flags C0C0

