                              1 ;;; gcc for m6809 : Mar 17 2019 13:25:32
                              2 ;;; 4.3.6 (gcc6809)
                              3 ;;; ABI version 1
                              4 ;;; -mabi=bx -mint8 -fomit-frame-pointer -O3
                              5 	.module	print_binary.c
                              6 	.area	.text
                              7 	.globl	_print_binary
   0000                       8 _print_binary:
   0000 32 70         [ 5]    9 	leas	-16,s
   0002 E7 E4         [ 4]   10 	stb	,s
   0004 C6 80         [ 2]   11 	ldb	#-128
   0006 E7 6F         [ 5]   12 	stb	15,s
   0008 C6 01         [ 2]   13 	ldb	#1
   000A E4 E8 13      [ 5]   14 	andb	19,s
   000D CB 30         [ 2]   15 	addb	#48
   000F E7 6E         [ 5]   16 	stb	14,s
   0011 E6 E8 13      [ 5]   17 	ldb	19,s
   0014 54            [ 2]   18 	lsrb
   0015 E7 61         [ 5]   19 	stb	1,s
   0017 C6 01         [ 2]   20 	ldb	#1
   0019 E4 61         [ 5]   21 	andb	1,s
   001B CB 30         [ 2]   22 	addb	#48
   001D E7 6D         [ 5]   23 	stb	13,s
   001F E6 61         [ 5]   24 	ldb	1,s
   0021 54            [ 2]   25 	lsrb
   0022 E7 62         [ 5]   26 	stb	2,s
   0024 C6 01         [ 2]   27 	ldb	#1
   0026 E4 62         [ 5]   28 	andb	2,s
   0028 CB 30         [ 2]   29 	addb	#48
   002A E7 6C         [ 5]   30 	stb	12,s
   002C E6 62         [ 5]   31 	ldb	2,s
   002E 54            [ 2]   32 	lsrb
   002F E7 63         [ 5]   33 	stb	3,s
   0031 C6 01         [ 2]   34 	ldb	#1
   0033 E4 63         [ 5]   35 	andb	3,s
   0035 CB 30         [ 2]   36 	addb	#48
   0037 E7 6B         [ 5]   37 	stb	11,s
   0039 E6 63         [ 5]   38 	ldb	3,s
   003B 54            [ 2]   39 	lsrb
   003C E7 64         [ 5]   40 	stb	4,s
   003E C6 01         [ 2]   41 	ldb	#1
   0040 E4 64         [ 5]   42 	andb	4,s
   0042 CB 30         [ 2]   43 	addb	#48
   0044 E7 6A         [ 5]   44 	stb	10,s
   0046 E6 64         [ 5]   45 	ldb	4,s
   0048 54            [ 2]   46 	lsrb
   0049 E7 65         [ 5]   47 	stb	5,s
   004B C6 01         [ 2]   48 	ldb	#1
   004D E4 65         [ 5]   49 	andb	5,s
   004F CB 30         [ 2]   50 	addb	#48
   0051 E7 69         [ 5]   51 	stb	9,s
   0053 E6 65         [ 5]   52 	ldb	5,s
   0055 54            [ 2]   53 	lsrb
   0056 E7 66         [ 5]   54 	stb	6,s
   0058 C6 01         [ 2]   55 	ldb	#1
   005A E4 66         [ 5]   56 	andb	6,s
   005C CB 30         [ 2]   57 	addb	#48
   005E E7 68         [ 5]   58 	stb	8,s
   0060 64 66         [ 7]   59 	lsr	6,s
   0062 E6 66         [ 5]   60 	ldb	6,s
   0064 CB 30         [ 2]   61 	addb	#48
   0066 E7 67         [ 5]   62 	stb	7,s
   0068 C6 CC         [ 2]   63 	ldb	#-52
   006A D7`00         [ 4]   64 	stb	*_dp_VIA_cntl
   006C C6 7F         [ 2]   65 	ldb	#127
   006E D7`00         [ 4]   66 	stb	*_dp_VIA_t1_cnt_lo
   0070 E6 E4         [ 4]   67 	ldb	,s
   0072 34 04         [ 6]   68 	pshs	b
   0074 30 68         [ 5]   69 	leax	8,s
   0076 E6 E8 13      [ 5]   70 	ldb	19,s
   0079 BD`00`00      [ 8]   71 	jsr	__Print_Str_d
   007C 32 E8 11      [ 5]   72 	leas	17,s
   007F 39            [ 5]   73 	rts
ASxxxx Assembler V05.50  (Motorola 6809)                                Page 1
Hexadecimal [16-Bits]                                 Tue Jul 29 23:46:40 2025

Symbol Table

    .__.$$$.       =   2710 L   |     .__.ABS.       =   0000 G
    .__.CPU.       =   0000 L   |     .__.H$L.       =   0001 L
    __Print_Str_d      **** GX  |     _dp_VIA_cntl       **** GX
    _dp_VIA_t1_cnt     **** GX  |   2 _print_binary      0000 GR

ASxxxx Assembler V05.50  (Motorola 6809)                                Page 2
Hexadecimal [16-Bits]                                 Tue Jul 29 23:46:40 2025

Area Table

[_CSEG]
   0 _CODE            size    0   flags C080
   2 .text            size   80   flags  100
[_DSEG]
   1 _DATA            size    0   flags C0C0

