                              1 ;;; gcc for m6809 : Mar 17 2019 13:25:32
                              2 ;;; 4.3.6 (gcc6809)
                              3 ;;; ABI version 1
                              4 ;;; -mabi=bx -mint8 -fomit-frame-pointer -O0
                              5 	.module	collision.c
                              6 	.area	.text
                              7 	.globl	_check_collision
   0000                       8 _check_collision:
   0000 32 7D         [ 5]    9 	leas	-3,s
   0002 E7 61         [ 5]   10 	stb	1,s
   0004 6F 62         [ 7]   11 	clr	2,s
   0006 E6 61         [ 5]   12 	ldb	1,s
   0008 E1 66         [ 5]   13 	cmpb	6,s	;cmpqi:
   000A 2C 0C         [ 3]   14 	bge	L2
   000C E6 66         [ 5]   15 	ldb	6,s
   000E E0 61         [ 5]   16 	subb	1,s
   0010 E1 68         [ 5]   17 	cmpb	8,s	;cmpqi:
   0012 22 0E         [ 3]   18 	bhi	L4
   0014 6C 62         [ 7]   19 	inc	2,s
   0016 20 0A         [ 3]   20 	bra	L4
   0018                      21 L2:
   0018 E6 61         [ 5]   22 	ldb	1,s
   001A E0 66         [ 5]   23 	subb	6,s
   001C E1 68         [ 5]   24 	cmpb	8,s	;cmpqi:
   001E 22 02         [ 3]   25 	bhi	L4
   0020 6C 62         [ 7]   26 	inc	2,s
   0022                      27 L4:
   0022 E6 65         [ 5]   28 	ldb	5,s
   0024 E1 67         [ 5]   29 	cmpb	7,s	;cmpqi:
   0026 2C 0C         [ 3]   30 	bge	L5
   0028 E6 67         [ 5]   31 	ldb	7,s
   002A E0 65         [ 5]   32 	subb	5,s
   002C E1 69         [ 5]   33 	cmpb	9,s	;cmpqi:
   002E 22 0E         [ 3]   34 	bhi	L7
   0030 6C 62         [ 7]   35 	inc	2,s
   0032 20 0A         [ 3]   36 	bra	L7
   0034                      37 L5:
   0034 E6 65         [ 5]   38 	ldb	5,s
   0036 E0 67         [ 5]   39 	subb	7,s
   0038 E1 69         [ 5]   40 	cmpb	9,s	;cmpqi:
   003A 22 02         [ 3]   41 	bhi	L7
   003C 6C 62         [ 7]   42 	inc	2,s
   003E                      43 L7:
   003E 6F E4         [ 6]   44 	clr	,s
   0040 E6 62         [ 5]   45 	ldb	2,s
   0042 C1 02         [ 2]   46 	cmpb	#2	;cmpqi:
   0044 26 04         [ 3]   47 	bne	L8
   0046 C6 01         [ 2]   48 	ldb	#1
   0048 E7 E4         [ 4]   49 	stb	,s
   004A                      50 L8:
   004A E6 E4         [ 4]   51 	ldb	,s
   004C 32 63         [ 5]   52 	leas	3,s
   004E 39            [ 5]   53 	rts
ASxxxx Assembler V05.50  (Motorola 6809)                                Page 1
Hexadecimal [16-Bits]                                 Sun Apr  6 13:16:31 2025

Symbol Table

    .__.$$$.       =   2710 L   |     .__.ABS.       =   0000 G
    .__.CPU.       =   0000 L   |     .__.H$L.       =   0001 L
  2 L2                 0018 R   |   2 L4                 0022 R
  2 L5                 0034 R   |   2 L7                 003E R
  2 L8                 004A R   |   2 _check_collisi     0000 GR

ASxxxx Assembler V05.50  (Motorola 6809)                                Page 2
Hexadecimal [16-Bits]                                 Sun Apr  6 13:16:31 2025

Area Table

[_CSEG]
   0 _CODE            size    0   flags C080
   2 .text            size   4F   flags  100
[_DSEG]
   1 _DATA            size    0   flags C0C0

