                              1 ;;; gcc for m6809 : Mar 17 2019 13:25:32
                              2 ;;; 4.3.6 (gcc6809)
                              3 ;;; ABI version 1
                              4 ;;; -mabi=bx -mint8 -fomit-frame-pointer -O0
                              5 	.module	player.c
                              6 	.globl	_player
                              7 	.area	.data
   0000                       8 _player:
   0000 00 00                 9 	.word	0
   0002 00                   10 	.byte	0
                             11 	.globl	_vectors_player
                             12 	.area	.text
   0000                      13 _vectors_player:
   0000 00                   14 	.byte	0
   0001 20                   15 	.byte	32
   0002 E0                   16 	.byte	-32
   0003 FF                   17 	.byte	-1
   0004 00                   18 	.byte	0
   0005 40                   19 	.byte	64
   0006 FF                   20 	.byte	-1
   0007 C0                   21 	.byte	-64
   0008 00                   22 	.byte	0
   0009 FF                   23 	.byte	-1
   000A 00                   24 	.byte	0
   000B C0                   25 	.byte	-64
   000C FF                   26 	.byte	-1
   000D 40                   27 	.byte	64
   000E 00                   28 	.byte	0
   000F 01                   29 	.byte	1
   0010 00                   30 	.byte	0
   0011 00                   31 	.byte	0
                             32 	.globl	_draw_player
   0012                      33 _draw_player:
   0012 32 7D         [ 5]   34 	leas	-3,s
   0014 BD`00`00      [ 8]   35 	jsr	___Reset0Ref
   0017 C6 7F         [ 2]   36 	ldb	#127
   0019 D7`00         [ 4]   37 	stb	*_dp_VIA_t1_cnt_lo
   001B F6`00`02      [ 5]   38 	ldb	_player+2
   001E E7 E4         [ 4]   39 	stb	,s
   0020 F6`00`01      [ 5]   40 	ldb	_player+1
   0023 E7 62         [ 5]   41 	stb	2,s
   0025 E6 E4         [ 4]   42 	ldb	,s
   0027 E7 61         [ 5]   43 	stb	1,s
   0029 E6 62         [ 5]   44 	ldb	2,s
   002B E7 E2         [ 6]   45 	stb	,-s
   002D E6 62         [ 5]   46 	ldb	2,s
   002F BD`00`00      [ 8]   47 	jsr	__Moveto_d
   0032 32 61         [ 5]   48 	leas	1,s
   0034 C6 22         [ 2]   49 	ldb	#34
   0036 D7`00         [ 4]   50 	stb	*_dp_VIA_t1_cnt_lo
   0038 8E`00`00      [ 3]   51 	ldx	#_vectors_player
   003B BD`00`00      [ 8]   52 	jsr	___Draw_VLp
   003E 32 63         [ 5]   53 	leas	3,s
   0040 39            [ 5]   54 	rts
                             55 	.globl	_init_player
   0041                      56 _init_player:
   0041 C6 01         [ 2]   57 	ldb	#1
   0043 F7`00`00      [ 5]   58 	stb	_player
   0046 7F`00`01      [ 7]   59 	clr	_player+1
   0049 7F`00`02      [ 7]   60 	clr	_player+2
   004C 39            [ 5]   61 	rts
                             62 	.globl	_move_player
   004D                      63 _move_player:
   004D 32 7B         [ 5]   64 	leas	-5,s
   004F C6 01         [ 2]   65 	ldb	#1
   0051 E7 64         [ 5]   66 	stb	4,s
   0053 BD`00`00      [ 8]   67 	jsr	___Joy_Digital
   0056 F6`00`00      [ 5]   68 	ldb	_Vec_Joy_1_Y
   0059 6F E4         [ 6]   69 	clr	,s
   005B 5D            [ 2]   70 	tstb
   005C 2C 04         [ 3]   71 	bge	L6
   005E C6 01         [ 2]   72 	ldb	#1
   0060 E7 E4         [ 4]   73 	stb	,s
   0062                      74 L6:
   0062 E6 E4         [ 4]   75 	ldb	,s
   0064 5D            [ 2]   76 	tstb
   0065 27 0A         [ 3]   77 	beq	L7
   0067 F6`00`01      [ 5]   78 	ldb	_player+1
   006A E0 64         [ 5]   79 	subb	4,s
   006C F7`00`01      [ 5]   80 	stb	_player+1
   006F 20 19         [ 3]   81 	bra	L8
   0071                      82 L7:
   0071 F6`00`00      [ 5]   83 	ldb	_Vec_Joy_1_Y
   0074 6F 61         [ 7]   84 	clr	1,s
   0076 5D            [ 2]   85 	tstb
   0077 2F 04         [ 3]   86 	ble	L9
   0079 C6 01         [ 2]   87 	ldb	#1
   007B E7 61         [ 5]   88 	stb	1,s
   007D                      89 L9:
   007D E6 61         [ 5]   90 	ldb	1,s
   007F 5D            [ 2]   91 	tstb
   0080 27 08         [ 3]   92 	beq	L8
   0082 F6`00`01      [ 5]   93 	ldb	_player+1
   0085 EB 64         [ 5]   94 	addb	4,s
   0087 F7`00`01      [ 5]   95 	stb	_player+1
   008A                      96 L8:
   008A F6`00`00      [ 5]   97 	ldb	_Vec_Joy_1_X
   008D 6F 62         [ 7]   98 	clr	2,s
   008F 5D            [ 2]   99 	tstb
   0090 2C 04         [ 3]  100 	bge	L10
   0092 C6 01         [ 2]  101 	ldb	#1
   0094 E7 62         [ 5]  102 	stb	2,s
   0096                     103 L10:
   0096 E6 62         [ 5]  104 	ldb	2,s
   0098 5D            [ 2]  105 	tstb
   0099 27 0A         [ 3]  106 	beq	L11
   009B F6`00`02      [ 5]  107 	ldb	_player+2
   009E E0 64         [ 5]  108 	subb	4,s
   00A0 F7`00`02      [ 5]  109 	stb	_player+2
   00A3 20 19         [ 3]  110 	bra	L14
   00A5                     111 L11:
   00A5 F6`00`00      [ 5]  112 	ldb	_Vec_Joy_1_X
   00A8 6F 63         [ 7]  113 	clr	3,s
   00AA 5D            [ 2]  114 	tstb
   00AB 2F 04         [ 3]  115 	ble	L13
   00AD C6 01         [ 2]  116 	ldb	#1
   00AF E7 63         [ 5]  117 	stb	3,s
   00B1                     118 L13:
   00B1 E6 63         [ 5]  119 	ldb	3,s
   00B3 5D            [ 2]  120 	tstb
   00B4 27 08         [ 3]  121 	beq	L14
   00B6 F6`00`02      [ 5]  122 	ldb	_player+2
   00B9 EB 64         [ 5]  123 	addb	4,s
   00BB F7`00`02      [ 5]  124 	stb	_player+2
   00BE                     125 L14:
   00BE 32 65         [ 5]  126 	leas	5,s
   00C0 39            [ 5]  127 	rts
                            128 	.globl	_handle_player
   00C1                     129 _handle_player:
   00C1 BD`00`4D      [ 8]  130 	jsr	_move_player
   00C4 BD`00`12      [ 8]  131 	jsr	_draw_player
   00C7 F6`00`00      [ 5]  132 	ldb	_player
   00CA 5D            [ 2]  133 	tstb
   00CB 26 05         [ 3]  134 	bne	L17
   00CD C6 01         [ 2]  135 	ldb	#1
   00CF F7`00`00      [ 5]  136 	stb	_current_level
   00D2                     137 L17:
   00D2 39            [ 5]  138 	rts
ASxxxx Assembler V05.50  (Motorola 6809)                                Page 1
Hexadecimal [16-Bits]                                 Sun Apr  6 13:16:31 2025

Symbol Table

    .__.$$$.       =   2710 L   |     .__.ABS.       =   0000 G
    .__.CPU.       =   0000 L   |     .__.H$L.       =   0001 L
  3 L10                0096 R   |   3 L11                00A5 R
  3 L13                00B1 R   |   3 L14                00BE R
  3 L17                00D2 R   |   3 L6                 0062 R
  3 L7                 0071 R   |   3 L8                 008A R
  3 L9                 007D R   |     _Vec_Joy_1_X       **** GX
    _Vec_Joy_1_Y       **** GX  |     __Moveto_d         **** GX
    ___Draw_VLp        **** GX  |     ___Joy_Digital     **** GX
    ___Reset0Ref       **** GX  |     _current_level     **** GX
    _dp_VIA_t1_cnt     **** GX  |   3 _draw_player       0012 GR
  3 _handle_player     00C1 GR  |   3 _init_player       0041 GR
  3 _move_player       004D GR  |   2 _player            0000 GR
  3 _vectors_playe     0000 GR

ASxxxx Assembler V05.50  (Motorola 6809)                                Page 2
Hexadecimal [16-Bits]                                 Sun Apr  6 13:16:31 2025

Area Table

[_CSEG]
   0 _CODE            size    0   flags C080
   2 .data            size    3   flags  100
   3 .text            size   D3   flags  100
[_DSEG]
   1 _DATA            size    0   flags C0C0

