ParaJVE 0.7.0.101229 running on Windows 8, with an x86 architecture...

Loading configuration [project\configuration.xml]
Loading development properties [project\development.properties]
* openOverlayAdjustmentDialog <-- false
* showTimingInfo <-- false
* showDevMenuItems <-- false
* monitorPSG <-- false
* useAntiAliasingInDebugTools <-- false
* disableGLContextSharing <-- false
* adjustLightpenHitzone <-- false
* debugLightpenHitzone <-- false
* useLightpenStillnessTimer <-- false
* showUsedMemoryFPS <-- false
* ignoreFrameCyclesOverrun <-- false
* monitorDeadlocks <-- false
* automaticCartridgeRAM <-- false
* alwaysEmulateFIRQ <-- false

Checking Libraries deployment
Creating engine
Loading system [data/roms/system/FastBoot.bin]
Loading cartridge [project/project.bin]
Opening emulation UI
WARNING: Found unknown Windows version: Windows 8
Attempting to use default windows plug-in.
Failed to initialize device GAOMON HID because of: java.io.IOException: Failed to acquire device (8007001e)
java.lang.NullPointerException
	at net.java.games.input.RawMouse$Button.<init>(RawMouse.java:197)
	at net.java.games.input.RawMouseInfo.createControllerFromDevice(RawMouseInfo.java:83)
	at net.java.games.input.RawInputEnvironmentPlugin.createControllersFromDevices(RawInputEnvironmentPlugin.java:160)
	at net.java.games.input.RawInputEnvironmentPlugin.enumControllers(RawInputEnvironmentPlugin.java:176)
	at net.java.games.input.RawInputEnvironmentPlugin.<init>(RawInputEnvironmentPlugin.java:123)
	at net.java.games.input.DirectAndRawInputEnvironmentPlugin.<init>(DirectAndRawInputEnvironmentPlugin.java:46)
	at sun.reflect.NativeConstructorAccessorImpl.newInstance0(Native Method)
	at sun.reflect.NativeConstructorAccessorImpl.newInstance(Unknown Source)
	at sun.reflect.DelegatingConstructorAccessorImpl.newInstance(Unknown Source)
	at java.lang.reflect.Constructor.newInstance(Unknown Source)
	at java.lang.Class.newInstance0(Unknown Source)
	at java.lang.Class.newInstance(Unknown Source)
	at net.java.games.input.DefaultControllerEnvironment.getControllers(DefaultControllerEnvironment.java:157)
	at frc.input.JInputManager.getControllers(JInputManager.java)
	at frc.input.JInputManager.gatherValidControllers(JInputManager.java)
	at frc.input.JInputManager.<init>(JInputManager.java)
	at frc.input.JInputManager.getDefaultManager(JInputManager.java)
	at frc.emul.vectrex.swing.menu.UIGamePortMenu.populateControllersMenu(UIGamePortMenu.java)
	at frc.emul.vectrex.swing.menu.UIGamePortMenu.populateMainMenu(UIGamePortMenu.java)
	at frc.emul.vectrex.swing.menu.UIGamePortMenu.getMenu(UIGamePortMenu.java)
	at frc.emul.vectrex.swing.menu.UIMenu.getControlsMenu(UIMenu.java)
	at frc.emul.vectrex.swing.menu.UIMenu.getMenuBar(UIMenu.java)
	at frc.emul.vectrex.swing.UI.<init>(UI.java)
	at frc.emul.vectrex.ui.opengl.Display.buildUI(Display.java)
	at frc.emul.vectrex.ui.opengl.Display.<init>(Display.java)
	at frc.emul.standalone.VectrexEmulator.createEngine(VectrexEmulator.java)
	at frc.emul.standalone.VectrexEmulator.run(VectrexEmulator.java)
	at frc.emul.standalone.VectrexEmulator.run(VectrexEmulator.java)
	at sun.reflect.NativeMethodAccessorImpl.invoke0(Native Method)
	at sun.reflect.NativeMethodAccessorImpl.invoke(Unknown Source)
	at sun.reflect.DelegatingMethodAccessorImpl.invoke(Unknown Source)
	at java.lang.reflect.Method.invoke(Unknown Source)
	at ParaJVE.mainImpl(ParaJVE.java)
	at ParaJVE.main(ParaJVE.java)
- Creating UI window
- Creating GLCanvas
- Attaching GLCanvas to UI window
- Forcing GLCanvas refresh
* GLEventListener.init(Full)
Loading chassis frame texture [data/packs/chassis_frame.png]
Loading chassis bay panel texture [data/packs/chassis_joystick_panel.png]
Loading chassis screen texture [data/packs/chassis_screen.png]
Loading overlay texture [project/project.png]
Error while loading texture : project/project$.png
java.lang.RuntimeException: Cannot open resource [project/project$.png]
	at frc.emul.util.Utils.getResourceStream(Utils.java)
	at frc.emul.tools.data.TexLoader.getResourceStream(TexLoader.java)
	at frc.emul.vectrex.ui.opengl.JoglContext.loadTexture(JoglContext.java)
	at frc.emul.vectrex.ui.opengl.JoglContext.renderTextures(JoglContext.java)
	at frc.emul.vectrex.ui.opengl.JoglContext.postRender(JoglContext.java)
	at frc.emul.vectrex.ui.opengl.JoglListenerBlur.render(JoglListenerBlur.java)
	at frc.emul.vectrex.ui.opengl.JoglListenerBlur.display(JoglListenerBlur.java)
	at com.sun.opengl.impl.GLDrawableHelper.display(GLDrawableHelper.java:78)
	at javax.media.opengl.GLCanvas$DisplayAction.run(GLCanvas.java:435)
	at com.sun.opengl.impl.GLDrawableHelper.invokeGL(GLDrawableHelper.java:194)
	at javax.media.opengl.GLCanvas$DisplayOnEventDispatchThreadAction.run(GLCanvas.java:452)
	at java.awt.event.InvocationEvent.dispatch(Unknown Source)
	at java.awt.EventQueue.dispatchEventImpl(Unknown Source)
	at java.awt.EventQueue.access$400(Unknown Source)
	at java.awt.EventQueue$2.run(Unknown Source)
	at java.awt.EventQueue$2.run(Unknown Source)
	at java.security.AccessController.doPrivileged(Native Method)
	at java.security.AccessControlContext$1.doIntersectionPrivilege(Unknown Source)
	at java.awt.EventQueue.dispatchEvent(Unknown Source)
	at java.awt.EventDispatchThread.pumpOneEventForFilters(Unknown Source)
	at java.awt.EventDispatchThread.pumpEventsForFilter(Unknown Source)
	at java.awt.EventDispatchThread.pumpEventsForHierarchy(Unknown Source)
	at java.awt.EventDispatchThread.pumpEvents(Unknown Source)
	at java.awt.EventDispatchThread.pumpEvents(Unknown Source)
	at java.awt.EventDispatchThread.run(Unknown Source)
Loading overlay top holders texture [data/packs/chassis_holders_top.png]
Loading overlay bottom holders texture [data/packs/chassis_holders_bottom.png]
Starting engine...
Audio Line initialised : PCM_SIGNED 44100.0 Hz, 16 bit, mono, 2 bytes/frame, big-endian
 - Sample rate ...... 44100.0
 - Updates/Second ... 20
 - Samples/Update ... 2207
 - Line Buffer ...... 4414 bytes
Pluging Joystick in port 1
Pluging Joystick in port 2
- Ticks Driven Frame
- Timer Driven Frame
