                              1 ;;; gcc for m6809 : Mar 17 2019 13:25:32
                              2 ;;; 4.3.6 (gcc6809)
                              3 ;;; ABI version 1
                              4 ;;; -mabi=bx -mint8 -fomit-frame-pointer -O2
                              5 	.module	vec_rum_12_06_Do_Sound.c
                              6 	.area	.text
                              7 	.globl	__Do_Sound
   0000                       8 __Do_Sound:
   0000 34 40         [ 6]    9 	pshs	u
                             10 ;----- asm -----
                             11 ; 54 "source\vec_rum_12_06_Do_Sound.c" 1
   0002 BD 00 00      [ 8]   12 	jsr ___Do_Sound; BIOS call
                             13 ;--- end asm ---
   0005 35 C0         [ 7]   14 	puls	u,pc
ASxxxx Assembler V05.31  (Motorola 6809)                                Page 1
Hexadecimal [16-Bits]                                 Thu Nov 16 12:23:23 2023

Symbol Table

    .__.$$$.       =   2710 L   |     .__.ABS.       =   0000 G
    .__.CPU.       =   0000 L   |     .__.H$L.       =   0001 L
  2 __Do_Sound         0000 GR  |     ___Do_Sound        **** GX

ASxxxx Assembler V05.31  (Motorola 6809)                                Page 2
Hexadecimal [16-Bits]                                 Thu Nov 16 12:23:23 2023

Area Table

[_CSEG]
   0 _CODE            size    0   flags C080
   2 .text            size    7   flags  100
[_DSEG]
   1 _DATA            size    0   flags C0C0

