                              1 ;;; gcc for m6809 : Mar 17 2019 13:25:32
                              2 ;;; 4.3.6 (gcc6809)
                              3 ;;; ABI version 1
                              4 ;;; -mabi=bx -mint8 -fomit-frame-pointer -O2
                              5 	.module	vec_rum_15_01_01_Obj_Will_Hit_u.c
                              6 	.area	.text
                              7 	.globl	__Obj_Will_Hit_u
   0000                       8 __Obj_Will_Hit_u:
   0000 34 60         [ 7]    9 	pshs	y,u
                             10 ;----- asm -----
                             11 ; 54 "source\vec_rum_15_01_01_Obj_Will_Hit_u.c" 1
   0002 A6 66         [ 5]   12 	lda 6,s
   0004 10 AE 67      [ 7]   13 	ldy 7,s
   0007 EE 69         [ 6]   14 	ldu 9,s
   0009 BD 00 00      [ 8]   15 	jsr ___Obj_Will_Hit_u; BIOS call
   000C C6 00         [ 2]   16 	ldb #0
   000E C9 00         [ 2]   17 	adcb #0
                             18 ;--- end asm ---
   0010 35 E0         [ 8]   19 	puls	y,u,pc
ASxxxx Assembler V05.31  (Motorola 6809)                                Page 1
Hexadecimal [16-Bits]                                 Thu Nov 16 12:23:23 2023

Symbol Table

    .__.$$$.       =   2710 L   |     .__.ABS.       =   0000 G
    .__.CPU.       =   0000 L   |     .__.H$L.       =   0001 L
  2 __Obj_Will_Hit     0000 GR  |     ___Obj_Will_Hi     **** GX

ASxxxx Assembler V05.31  (Motorola 6809)                                Page 2
Hexadecimal [16-Bits]                                 Thu Nov 16 12:23:23 2023

Area Table

[_CSEG]
   0 _CODE            size    0   flags C080
   2 .text            size   12   flags  100
[_DSEG]
   1 _DATA            size    0   flags C0C0

