                              1 ;;; gcc for m6809 : Mar 17 2019 13:25:32
                              2 ;;; 4.3.6 (gcc6809)
                              3 ;;; ABI version 1
                              4 ;;; -mabi=bx -mint8 -fomit-frame-pointer -O2
                              5 	.module	vec_rum_09_01_Select_Game.c
                              6 	.area	.text
                              7 	.globl	__Select_Game
   0000                       8 __Select_Game:
   0000 34 60         [ 7]    9 	pshs	y,u
                             10 ;----- asm -----
                             11 ; 58 "source\vec_rum_09_01_Select_Game.c" 1
   0002 A6 66         [ 5]   12 	lda 6,s
   0004 BD 00 00      [ 8]   13 	jsr ___Select_Game; BIOS call
                             14 ;--- end asm ---
   0007 35 E0         [ 8]   15 	puls	y,u,pc
ASxxxx Assembler V05.31  (Motorola 6809)                                Page 1
Hexadecimal [16-Bits]                                 Thu Nov 16 12:23:22 2023

Symbol Table

    .__.$$$.       =   2710 L   |     .__.ABS.       =   0000 G
    .__.CPU.       =   0000 L   |     .__.H$L.       =   0001 L
  2 __Select_Game      0000 GR  |     ___Select_Game     **** GX

ASxxxx Assembler V05.31  (Motorola 6809)                                Page 2
Hexadecimal [16-Bits]                                 Thu Nov 16 12:23:22 2023

Area Table

[_CSEG]
   0 _CODE            size    0   flags C080
   2 .text            size    9   flags  100
[_DSEG]
   1 _DATA            size    0   flags C0C0

